<?xml version="1.0" encoding="UTF-8"?>
<!-- Generated by org.testng.reporters.JUnitReportReporter -->
<testsuite hostname="DESKTOP-4VBBEJ4" failures="0" tests="3" name="org.loginrest.Sample" time="2.368" errors="0" timestamp="10 Dec 2024 05:19:00 GMT" skipped="0">
  <testcase classname="org.loginrest.Sample" name="tc2" time="1.126"/>
  <testcase classname="org.loginrest.Sample" name="tc2" time="0.870"/>
  <testcase classname="org.loginrest.Sample" name="tc2" time="0.372"/>
</testsuite> <!-- org.loginrest.Sample -->
